
-------------------------------------------------------------------------------
Parsing project file - C:\Users\bruno\OneDrive\Documentos\DD mods feitos pelo pai\Rework da mosqueteira\musk_rework\Uploader.xml
Mod Data Directory = C:/Users/bruno/OneDrive/Documentos/DD mods feitos pelo pai/Rework da mosqueteira/musk_rework/Mod Musketeer Rework/

-------------------------------------------------------------------------------
Processing Map Files files...

-------------------------------------------------------------------------------
Running Localization...
Parsing localization/musk_rework.string_table.xml

Building Languages
Exporting .loc2 files

-------------------------------------------------------------------------------
Searching for preview icon file C:/Users/bruno/OneDrive/Documentos/DD mods feitos pelo pai/Rework da mosqueteira/musk_rework/Mod Musketeer Rework/preview_icon.png...FOUND!
<UploadMode> - Set to direct_upload


-------------------------------------------------------------------------------
Modded files...

dlc/580100_crimson_court/features/crimson_court/trinkets/crimson_court.entries.trinkets.json
heroes/musketeer/musketeer_A/anim/musketeer.sprite.afflicted.png
heroes/musketeer/musketeer_A/anim/musketeer.sprite.attack_artillery.png
heroes/musketeer/musketeer_A/anim/musketeer.sprite.attack_bandage.png
heroes/musketeer/musketeer_A/anim/musketeer.sprite.attack_pistol.png
heroes/musketeer/musketeer_A/anim/musketeer.sprite.attack_point.png
heroes/musketeer/musketeer_A/anim/musketeer.sprite.attack_rifle.png
heroes/musketeer/musketeer_A/anim/musketeer.sprite.camp.png
heroes/musketeer/musketeer_A/anim/musketeer.sprite.combat.png
heroes/musketeer/musketeer_A/anim/musketeer.sprite.defend.png
heroes/musketeer/musketeer_A/anim/musketeer.sprite.heroic.png
heroes/musketeer/musketeer_A/anim/musketeer.sprite.idle.png
heroes/musketeer/musketeer_A/anim/musketeer.sprite.investigate.png
heroes/musketeer/musketeer_A/anim/musketeer.sprite.walk.png
heroes/musketeer/musketeer_B/anim/musketeer.sprite.afflicted.png
heroes/musketeer/musketeer_B/anim/musketeer.sprite.attack_artillery.png
heroes/musketeer/musketeer_B/anim/musketeer.sprite.attack_bandage.png
heroes/musketeer/musketeer_B/anim/musketeer.sprite.attack_pistol.png
heroes/musketeer/musketeer_B/anim/musketeer.sprite.attack_point.png
heroes/musketeer/musketeer_B/anim/musketeer.sprite.attack_rifle.png
heroes/musketeer/musketeer_B/anim/musketeer.sprite.camp.png
heroes/musketeer/musketeer_B/anim/musketeer.sprite.combat.png
heroes/musketeer/musketeer_B/anim/musketeer.sprite.defend.png
heroes/musketeer/musketeer_B/anim/musketeer.sprite.heroic.png
heroes/musketeer/musketeer_B/anim/musketeer.sprite.idle.png
heroes/musketeer/musketeer_B/anim/musketeer.sprite.investigate.png
heroes/musketeer/musketeer_B/anim/musketeer.sprite.walk.png
heroes/musketeer/musketeer_C/anim/musketeer.sprite.afflicted.png
heroes/musketeer/musketeer_C/anim/musketeer.sprite.attack_artillery.png
heroes/musketeer/musketeer_C/anim/musketeer.sprite.attack_bandage.png
heroes/musketeer/musketeer_C/anim/musketeer.sprite.attack_pistol.png
heroes/musketeer/musketeer_C/anim/musketeer.sprite.attack_point.png
heroes/musketeer/musketeer_C/anim/musketeer.sprite.attack_rifle.png
heroes/musketeer/musketeer_C/anim/musketeer.sprite.camp.png
heroes/musketeer/musketeer_C/anim/musketeer.sprite.combat.png
heroes/musketeer/musketeer_C/anim/musketeer.sprite.defend.png
heroes/musketeer/musketeer_C/anim/musketeer.sprite.heroic.png
heroes/musketeer/musketeer_C/anim/musketeer.sprite.idle.png
heroes/musketeer/musketeer_C/anim/musketeer.sprite.investigate.png
heroes/musketeer/musketeer_C/anim/musketeer.sprite.walk.png
heroes/musketeer/musketeer_D/anim/musketeer.sprite.afflicted.png
heroes/musketeer/musketeer_D/anim/musketeer.sprite.attack_artillery.png
heroes/musketeer/musketeer_D/anim/musketeer.sprite.attack_bandage.png
heroes/musketeer/musketeer_D/anim/musketeer.sprite.attack_pistol.png
heroes/musketeer/musketeer_D/anim/musketeer.sprite.attack_point.png
heroes/musketeer/musketeer_D/anim/musketeer.sprite.attack_rifle.png
heroes/musketeer/musketeer_D/anim/musketeer.sprite.camp.png
heroes/musketeer/musketeer_D/anim/musketeer.sprite.combat.png
heroes/musketeer/musketeer_D/anim/musketeer.sprite.defend.png
heroes/musketeer/musketeer_D/anim/musketeer.sprite.heroic.png
heroes/musketeer/musketeer_D/anim/musketeer.sprite.idle.png
heroes/musketeer/musketeer_D/anim/musketeer.sprite.investigate.png
heroes/musketeer/musketeer_D/anim/musketeer.sprite.walk.png
dlc/735730_color_of_madness/trinkets/com.entries.trinkets.json
heroes/musketeer/anim/musketeer.sprite.afflicted.atlas
heroes/musketeer/anim/musketeer.sprite.afflicted.skel
heroes/musketeer/anim/musketeer.sprite.attack_artillery.atlas
heroes/musketeer/anim/musketeer.sprite.attack_artillery.skel
heroes/musketeer/anim/musketeer.sprite.attack_bandage.atlas
heroes/musketeer/anim/musketeer.sprite.attack_bandage.skel
heroes/musketeer/anim/musketeer.sprite.attack_pistol.atlas
heroes/musketeer/anim/musketeer.sprite.attack_pistol.skel
heroes/musketeer/anim/musketeer.sprite.attack_point.atlas
heroes/musketeer/anim/musketeer.sprite.attack_point.skel
heroes/musketeer/anim/musketeer.sprite.attack_rifle.atlas
heroes/musketeer/anim/musketeer.sprite.attack_rifle.skel
heroes/musketeer/anim/musketeer.sprite.camp.atlas
heroes/musketeer/anim/musketeer.sprite.camp.skel
heroes/musketeer/anim/musketeer.sprite.combat.atlas
heroes/musketeer/anim/musketeer.sprite.combat.skel
heroes/musketeer/anim/musketeer.sprite.defend.atlas
heroes/musketeer/anim/musketeer.sprite.defend.skel
heroes/musketeer/anim/musketeer.sprite.heroic.atlas
heroes/musketeer/anim/musketeer.sprite.heroic.skel
heroes/musketeer/anim/musketeer.sprite.idle.atlas
heroes/musketeer/anim/musketeer.sprite.idle.skel
heroes/musketeer/anim/musketeer.sprite.investigate.atlas
heroes/musketeer/anim/musketeer.sprite.investigate.skel
heroes/musketeer/anim/musketeer.sprite.walk.atlas
heroes/musketeer/anim/musketeer.sprite.walk.skel
heroes/musketeer/fx/musketeer.sprite.aimed_shot.atlas
heroes/musketeer/fx/musketeer.sprite.aimed_shot.png
heroes/musketeer/fx/musketeer.sprite.aimed_shot.skel
heroes/musketeer/fx/musketeer.sprite.aimed_shot_target.atlas
heroes/musketeer/fx/musketeer.sprite.aimed_shot_target.png
heroes/musketeer/fx/musketeer.sprite.aimed_shot_target.skel
heroes/musketeer/fx/musketeer.sprite.buckshot.atlas
heroes/musketeer/fx/musketeer.sprite.buckshot.png
heroes/musketeer/fx/musketeer.sprite.buckshot.skel
heroes/musketeer/fx/musketeer.sprite.buckshot_target.atlas
heroes/musketeer/fx/musketeer.sprite.buckshot_target.png
heroes/musketeer/fx/musketeer.sprite.buckshot_target.skel
heroes/musketeer/fx/musketeer.sprite.call_the_shot.atlas
heroes/musketeer/fx/musketeer.sprite.call_the_shot.png
heroes/musketeer/fx/musketeer.sprite.call_the_shot.skel
heroes/musketeer/fx/musketeer.sprite.patch_up.atlas
heroes/musketeer/fx/musketeer.sprite.patch_up.png
heroes/musketeer/fx/musketeer.sprite.patch_up.skel
heroes/musketeer/fx/musketeer.sprite.patch_up_target.atlas
heroes/musketeer/fx/musketeer.sprite.patch_up_target.png
heroes/musketeer/fx/musketeer.sprite.patch_up_target.skel
heroes/musketeer/fx/musketeer.sprite.sidearm.atlas
heroes/musketeer/fx/musketeer.sprite.sidearm.png
heroes/musketeer/fx/musketeer.sprite.sidearm.skel
heroes/musketeer/fx/musketeer.sprite.sidearm_target.atlas
heroes/musketeer/fx/musketeer.sprite.sidearm_target.png
heroes/musketeer/fx/musketeer.sprite.sidearm_target.skel
heroes/musketeer/fx/musketeer.sprite.skeet_shot.atlas
heroes/musketeer/fx/musketeer.sprite.skeet_shot.png
heroes/musketeer/fx/musketeer.sprite.skeet_shot.skel
heroes/musketeer/fx/musketeer.sprite.smokescreen.atlas
heroes/musketeer/fx/musketeer.sprite.smokescreen.png
heroes/musketeer/fx/musketeer.sprite.smokescreen.skel
heroes/musketeer/fx/musketeer.sprite.smokescreen_target.atlas
heroes/musketeer/fx/musketeer.sprite.smokescreen_target.png
heroes/musketeer/fx/musketeer.sprite.smokescreen_target.skel
heroes/musketeer/icons_equip/eqp_armour_0.png
heroes/musketeer/icons_equip/eqp_armour_1.png
heroes/musketeer/icons_equip/eqp_armour_2.png
heroes/musketeer/icons_equip/eqp_armour_3.png
heroes/musketeer/icons_equip/eqp_armour_4.png
heroes/musketeer/icons_equip/eqp_weapon_0.png
heroes/musketeer/icons_equip/eqp_weapon_1.png
heroes/musketeer/icons_equip/eqp_weapon_2.png
heroes/musketeer/icons_equip/eqp_weapon_3.png
heroes/musketeer/icons_equip/eqp_weapon_4.png
heroes/musketeer/musketeer_A/musketeer_portrait_roster.png
heroes/musketeer/musketeer_B/musketeer_portrait_roster.png
heroes/musketeer/musketeer_C/musketeer_portrait_roster.png
heroes/musketeer/musketeer_D/musketeer_portrait_roster.png
raid/camping/skill_icons/camp_skill_field_dressing_musketeer_rework.png
raid/camping/skill_icons/camp_skill_triage_musketeer_rework.png
heroes/musketeer/musketeer.ability.five.png
heroes/musketeer/musketeer.ability.four.png
heroes/musketeer/musketeer.ability.one.png
heroes/musketeer/musketeer.ability.seven.png
heroes/musketeer/musketeer.ability.six.png
heroes/musketeer/musketeer.ability.three.png
heroes/musketeer/musketeer.ability.two.png
heroes/musketeer/musketeer.art.darkest
heroes/musketeer/musketeer.info.darkest
heroes/musketeer/musketeer.override.darkest
heroes/musketeer/musketeer_guild_header.png
raid/camping/default.camping_skills.json
shared/buffs/musketeer.buffs.json
effects/musketeer.effects.darkest
localization/2902790218_brazilian.loc2
localization/2902790218_czech.loc2
localization/2902790218_english.loc2
localization/2902790218_french.loc2
localization/2902790218_german.loc2
localization/2902790218_italian.loc2
localization/2902790218_japanese.loc2
localization/2902790218_koreana.loc2
localization/2902790218_koreanb.loc2
localization/2902790218_polish.loc2
localization/2902790218_russian.loc2
localization/2902790218_schinese.loc2
localization/2902790218_spanish.loc2
localization/musk_rework.string_table.xml
trinkets/musketeer.entries.trinkets.json
trinkets/musketeer.sets.trinkets.json
modfiles.txt
preview_icon.png
project.xml

Submitting............................................................................Submitted.
Saving project file C:\Users\bruno\OneDrive\Documentos\DD mods feitos pelo pai\Rework da mosqueteira\musk_rework\Uploader.xml

